<?xml version="1.0" encoding="UTF-8"?>
<TestRun id="bc0549a4-c0a0-4dab-8372-669e7eda958e" name="arons@VBTD926-AS 2014-01-28 13:25:47" runUser="VOICEBOX\arons" xmlns="http://microsoft.com/schemas/VisualStudio/TeamTest/2010">
  <TestSettings name="Local" id="bbc3d5e1-439e-4736-938b-50aabe493759">
    <Description>These are default test settings for a local test run.</Description>
    <Deployment runDeploymentRoot="arons_VBTD926-AS 2014-01-28 13_25_47">
      <DeploymentItem filename="sourceDir\" />
    </Deployment>
    <Execution>
      <TestTypeSpecific>
        <UnitTestRunConfig testTypeId="13cdc9d9-ddb5-4fa4-a97d-d965ccfc6d4b">
          <AssemblyResolution>
            <TestDirectory useLoadContext="true" />
          </AssemblyResolution>
        </UnitTestRunConfig>
      </TestTypeSpecific>
      <AgentRule name="Execution Agents">
      </AgentRule>
    </Execution>
  </TestSettings>
  <Times creation="2014-01-28T13:25:47.1882992-08:00" queuing="2014-01-28T13:25:47.8773681-08:00" start="2014-01-28T13:25:47.9203724-08:00" finish="2014-01-28T13:25:48.5204324-08:00" />
  <ResultSummary outcome="Completed">
    <Counters total="1" executed="1" passed="1" error="0" failed="0" timeout="0" aborted="0" inconclusive="0" passedButRunAborted="0" notRunnable="0" notExecuted="0" disconnected="0" warning="0" completed="0" inProgress="0" pending="0" />
  </ResultSummary>
  <TestDefinitions>
    <UnitTest name="TestMethod1" storage="c:\try\deploymentitemtest\testproject1\bin\debug\testproject1.dll" id="59863143-3238-122e-4d8a-637b491cc755">
      <DeploymentItems>
        <DeploymentItem filename="sourceDir" outputDirectory="destinationDir" />
      </DeploymentItems>
      <Execution id="2179d3dd-834f-4861-b356-1d382fe952ec" />
      <TestMethod codeBase="C:/try/DeploymentItemTest/TestProject1/bin/Debug/TestProject1.DLL" adapterTypeName="Microsoft.VisualStudio.TestTools.TestTypes.Unit.UnitTestAdapter, Microsoft.VisualStudio.QualityTools.Tips.UnitTest.Adapter, Version=10.0.0.0, Culture=neutral, PublicKeyToken=b03f5f7f11d50a3a" className="TestProject1.UnitTest1, TestProject1, Version=1.0.0.0, Culture=neutral, PublicKeyToken=null" name="TestMethod1" />
    </UnitTest>
  </TestDefinitions>
  <TestLists>
    <TestList name="Results Not in a List" id="8c84fa94-04c1-424b-9868-57a2d4851a1d" />
    <TestList name="All Loaded Results" id="19431567-8539-422a-85d7-44ee4e166bda" />
  </TestLists>
  <TestEntries>
    <TestEntry testId="59863143-3238-122e-4d8a-637b491cc755" executionId="2179d3dd-834f-4861-b356-1d382fe952ec" testListId="8c84fa94-04c1-424b-9868-57a2d4851a1d" />
  </TestEntries>
  <Results>
    <UnitTestResult executionId="2179d3dd-834f-4861-b356-1d382fe952ec" testId="59863143-3238-122e-4d8a-637b491cc755" testName="TestMethod1" computerName="VBTD926-AS" duration="00:00:00.0069533" startTime="2014-01-28T13:25:47.9443748-08:00" endTime="2014-01-28T13:25:48.4554259-08:00" testType="13cdc9d9-ddb5-4fa4-a97d-d965ccfc6d4b" outcome="Passed" testListId="8c84fa94-04c1-424b-9868-57a2d4851a1d" relativeResultsDirectory="2179d3dd-834f-4861-b356-1d382fe952ec">
    </UnitTestResult>
  </Results>
</TestRun>